
> amazon-kinesis-video-streams-webrtc@1.0.8 develop
> webpack-dev-server --config webpack.dev.config.js

Package version: 1.0.8
Starting type checking service...
[34mℹ[39m [90m｢wds｣[39m: Project is running at http://0.0.0.0:3001/
[34mℹ[39m [90m｢wds｣[39m: webpack output is served from /
[34mℹ[39m [90m｢wds｣[39m: Content not from webpack is served from /Users/Home/Developer/Web/Practice/kinesis-webrtc-call-recorder/examples
Type checking in progress...
[34mℹ[39m [90m｢wdm｣[39m: Hash: dfae917cb8e0727bc9b0
Version: webpack 4.41.2
Time: 783ms
Built at: 03/04/2021 9:28:47 PM
        Asset     Size  Chunks             Chunk Names
kvs-webrtc.js  983 KiB    main  [emitted]  main
Entrypoint main = kvs-webrtc.js
[0] multi (webpack)-dev-server/client?http://0.0.0.0:3001 ./src/index.ts 40 bytes {main} [built]
[./node_modules/ansi-html/index.js] 4.16 KiB {main} [built]
[./node_modules/webpack-dev-server/client/index.js?http://0.0.0.0:3001] (webpack)-dev-server/client?http://0.0.0.0:3001 4.29 KiB {main} [built]
[./node_modules/webpack-dev-server/client/overlay.js] (webpack)-dev-server/client/overlay.js 3.51 KiB {main} [built]
[./node_modules/webpack-dev-server/client/socket.js] (webpack)-dev-server/client/socket.js 1.53 KiB {main} [built]
[./node_modules/webpack-dev-server/client/utils/createSocketUrl.js] (webpack)-dev-server/client/utils/createSocketUrl.js 2.91 KiB {main} [built]
[./node_modules/webpack-dev-server/client/utils/log.js] (webpack)-dev-server/client/utils/log.js 964 bytes {main} [built]
[./node_modules/webpack-dev-server/client/utils/reloadApp.js] (webpack)-dev-server/client/utils/reloadApp.js 1.59 KiB {main} [built]
[./node_modules/webpack-dev-server/client/utils/sendMessage.js] (webpack)-dev-server/client/utils/sendMessage.js 402 bytes {main} [built]
[./node_modules/webpack-dev-server/node_modules/strip-ansi/index.js] (webpack)-dev-server/node_modules/strip-ansi/index.js 161 bytes {main} [built]
[./node_modules/webpack/hot sync ^\.\/log$] (webpack)/hot sync nonrecursive ^\.\/log$ 170 bytes {main} [built]
[./src/Role.ts] 250 bytes {main} [built]
[./src/SigV4RequestSigner.ts] 11.8 KiB {main} [built]
[./src/SignalingClient.ts] 13.8 KiB {main} [built]
[./src/index.ts] 665 bytes {main} [built]
    + 23 hidden modules
[34mℹ[39m [90m｢wdm｣[39m: Compiled successfully.
No type errors found
Version: typescript 3.7.2
Time: 4762ms
Assertion failed: (0), function uv_close, file ../deps/uv/src/unix/core.c, line 174.

> amazon-kinesis-video-streams-webrtc@1.0.8 develop
> webpack-dev-server --config webpack.dev.config.js

Package version: 1.0.8
Starting type checking service...
[34mℹ[39m [90m｢wds｣[39m: Project is running at http://0.0.0.0:3001/
[34mℹ[39m [90m｢wds｣[39m: webpack output is served from /
[34mℹ[39m [90m｢wds｣[39m: Content not from webpack is served from /Users/Home/Developer/Web/Practice/kinesis-webrtc-call-recorder/examples
Type checking in progress...
[34mℹ[39m [90m｢wdm｣[39m: Hash: dfae917cb8e0727bc9b0
Version: webpack 4.41.2
Time: 801ms
Built at: 03/04/2021 9:29:26 PM
        Asset     Size  Chunks             Chunk Names
kvs-webrtc.js  983 KiB    main  [emitted]  main
Entrypoint main = kvs-webrtc.js
[0] multi (webpack)-dev-server/client?http://0.0.0.0:3001 ./src/index.ts 40 bytes {main} [built]
[./node_modules/ansi-html/index.js] 4.16 KiB {main} [built]
[./node_modules/webpack-dev-server/client/index.js?http://0.0.0.0:3001] (webpack)-dev-server/client?http://0.0.0.0:3001 4.29 KiB {main} [built]
[./node_modules/webpack-dev-server/client/overlay.js] (webpack)-dev-server/client/overlay.js 3.51 KiB {main} [built]
[./node_modules/webpack-dev-server/client/socket.js] (webpack)-dev-server/client/socket.js 1.53 KiB {main} [built]
[./node_modules/webpack-dev-server/client/utils/createSocketUrl.js] (webpack)-dev-server/client/utils/createSocketUrl.js 2.91 KiB {main} [built]
[./node_modules/webpack-dev-server/client/utils/log.js] (webpack)-dev-server/client/utils/log.js 964 bytes {main} [built]
[./node_modules/webpack-dev-server/client/utils/reloadApp.js] (webpack)-dev-server/client/utils/reloadApp.js 1.59 KiB {main} [built]
[./node_modules/webpack-dev-server/client/utils/sendMessage.js] (webpack)-dev-server/client/utils/sendMessage.js 402 bytes {main} [built]
[./node_modules/webpack-dev-server/node_modules/strip-ansi/index.js] (webpack)-dev-server/node_modules/strip-ansi/index.js 161 bytes {main} [built]
[./node_modules/webpack/hot sync ^\.\/log$] (webpack)/hot sync nonrecursive ^\.\/log$ 170 bytes {main} [built]
[./src/Role.ts] 250 bytes {main} [built]
[./src/SigV4RequestSigner.ts] 11.8 KiB {main} [built]
[./src/SignalingClient.ts] 13.8 KiB {main} [built]
[./src/index.ts] 665 bytes {main} [built]
    + 23 hidden modules
[34mℹ[39m [90m｢wdm｣[39m: Compiled successfully.
No type errors found
Version: typescript 3.7.2
Time: 4885ms
Assertion failed: (0), function uv_close, file ../deps/uv/src/unix/core.c, line 174.

> amazon-kinesis-video-streams-webrtc@1.0.8 develop
> webpack-dev-server --config webpack.dev.config.js

Package version: 1.0.8
Starting type checking service...
[34mℹ[39m [90m｢wds｣[39m: Project is running at http://0.0.0.0:3001/
[34mℹ[39m [90m｢wds｣[39m: webpack output is served from /
[34mℹ[39m [90m｢wds｣[39m: Content not from webpack is served from /Users/Home/Developer/Web/Practice/kinesis-webrtc-call-recorder/examples
Type checking in progress...
[34mℹ[39m [90m｢wdm｣[39m: Hash: dfae917cb8e0727bc9b0
Version: webpack 4.41.2
Time: 843ms
Built at: 03/04/2021 9:29:42 PM
        Asset     Size  Chunks             Chunk Names
kvs-webrtc.js  983 KiB    main  [emitted]  main
Entrypoint main = kvs-webrtc.js
[0] multi (webpack)-dev-server/client?http://0.0.0.0:3001 ./src/index.ts 40 bytes {main} [built]
[./node_modules/ansi-html/index.js] 4.16 KiB {main} [built]
[./node_modules/webpack-dev-server/client/index.js?http://0.0.0.0:3001] (webpack)-dev-server/client?http://0.0.0.0:3001 4.29 KiB {main} [built]
[./node_modules/webpack-dev-server/client/overlay.js] (webpack)-dev-server/client/overlay.js 3.51 KiB {main} [built]
[./node_modules/webpack-dev-server/client/socket.js] (webpack)-dev-server/client/socket.js 1.53 KiB {main} [built]
[./node_modules/webpack-dev-server/client/utils/createSocketUrl.js] (webpack)-dev-server/client/utils/createSocketUrl.js 2.91 KiB {main} [built]
[./node_modules/webpack-dev-server/client/utils/log.js] (webpack)-dev-server/client/utils/log.js 964 bytes {main} [built]
[./node_modules/webpack-dev-server/client/utils/reloadApp.js] (webpack)-dev-server/client/utils/reloadApp.js 1.59 KiB {main} [built]
[./node_modules/webpack-dev-server/client/utils/sendMessage.js] (webpack)-dev-server/client/utils/sendMessage.js 402 bytes {main} [built]
[./node_modules/webpack-dev-server/node_modules/strip-ansi/index.js] (webpack)-dev-server/node_modules/strip-ansi/index.js 161 bytes {main} [built]
[./node_modules/webpack/hot sync ^\.\/log$] (webpack)/hot sync nonrecursive ^\.\/log$ 170 bytes {main} [built]
[./src/Role.ts] 250 bytes {main} [built]
[./src/SigV4RequestSigner.ts] 11.8 KiB {main} [built]
[./src/SignalingClient.ts] 13.8 KiB {main} [built]
[./src/index.ts] 665 bytes {main} [built]
    + 23 hidden modules
[34mℹ[39m [90m｢wdm｣[39m: Compiled successfully.
No type errors found
Version: typescript 3.7.2
Time: 5034ms
Assertion failed: (0), function uv_close, file ../deps/uv/src/unix/core.c, line 174.

> amazon-kinesis-video-streams-webrtc@1.0.8 develop
> webpack-dev-server --config webpack.dev.config.js

Package version: 1.0.8
Starting type checking service...
[34mℹ[39m [90m｢wds｣[39m: Project is running at http://0.0.0.0:3001/
[34mℹ[39m [90m｢wds｣[39m: webpack output is served from /
[34mℹ[39m [90m｢wds｣[39m: Content not from webpack is served from /Users/Home/Developer/Web/Practice/kinesis-webrtc-call-recorder/examples
Type checking in progress...
[34mℹ[39m [90m｢wdm｣[39m: Hash: dfae917cb8e0727bc9b0
Version: webpack 4.41.2
Time: 800ms
Built at: 03/04/2021 9:30:17 PM
        Asset     Size  Chunks             Chunk Names
kvs-webrtc.js  983 KiB    main  [emitted]  main
Entrypoint main = kvs-webrtc.js
[0] multi (webpack)-dev-server/client?http://0.0.0.0:3001 ./src/index.ts 40 bytes {main} [built]
[./node_modules/ansi-html/index.js] 4.16 KiB {main} [built]
[./node_modules/webpack-dev-server/client/index.js?http://0.0.0.0:3001] (webpack)-dev-server/client?http://0.0.0.0:3001 4.29 KiB {main} [built]
[./node_modules/webpack-dev-server/client/overlay.js] (webpack)-dev-server/client/overlay.js 3.51 KiB {main} [built]
[./node_modules/webpack-dev-server/client/socket.js] (webpack)-dev-server/client/socket.js 1.53 KiB {main} [built]
[./node_modules/webpack-dev-server/client/utils/createSocketUrl.js] (webpack)-dev-server/client/utils/createSocketUrl.js 2.91 KiB {main} [built]
[./node_modules/webpack-dev-server/client/utils/log.js] (webpack)-dev-server/client/utils/log.js 964 bytes {main} [built]
[./node_modules/webpack-dev-server/client/utils/reloadApp.js] (webpack)-dev-server/client/utils/reloadApp.js 1.59 KiB {main} [built]
[./node_modules/webpack-dev-server/client/utils/sendMessage.js] (webpack)-dev-server/client/utils/sendMessage.js 402 bytes {main} [built]
[./node_modules/webpack-dev-server/node_modules/strip-ansi/index.js] (webpack)-dev-server/node_modules/strip-ansi/index.js 161 bytes {main} [built]
[./node_modules/webpack/hot sync ^\.\/log$] (webpack)/hot sync nonrecursive ^\.\/log$ 170 bytes {main} [built]
[./src/Role.ts] 250 bytes {main} [built]
[./src/SigV4RequestSigner.ts] 11.8 KiB {main} [built]
[./src/SignalingClient.ts] 13.8 KiB {main} [built]
[./src/index.ts] 665 bytes {main} [built]
    + 23 hidden modules
[34mℹ[39m [90m｢wdm｣[39m: Compiled successfully.
Assertion failed: (0), function uv_close, file ../deps/uv/src/unix/core.c, line 174.
